# JRE version: Java(TM) SE Runtime Environment (8.0_45-b14) (build 1.8.0_45-b14)
# Java VM: Java HotSpot(TM) 64-Bit Server VM (25.45-b02 mixed mode windows-amd64 compressed oops)
Heap:
 PSYoungGen      total 38400K, used 31263K [0x00000000d5800000, 0x00000000d8280000, 0x0000000100000000)
  eden space 33280K, 78% used [0x00000000d5800000,0x00000000d718fbf8,0x00000000d7880000)
  from space 5120K, 99% used [0x00000000d7d80000,0x00000000d82780f0,0x00000000d8280000)
  to   space 5120K, 0% used [0x00000000d7880000,0x00000000d7880000,0x00000000d7d80000)
 ParOldGen       total 37888K, used 5293K [0x0000000080800000, 0x0000000082d00000, 0x00000000d5800000)
  object space 37888K, 13% used [0x0000000080800000,0x0000000080d2b598,0x0000000082d00000)
 Metaspace       used 26984K, capacity 27304K, committed 27520K, reserved 1073152K
  class space    used 3586K, capacity 3693K, committed 3712K, reserved 1048576K
GC Heap History (10 events):
Event: 0.562 GC heap before
{Heap before GC invocations=2 (full 1):
 PSYoungGen      total 38400K, used 2467K [0x00000000d5800000, 0x00000000d8280000, 0x0000000100000000)
  eden space 33280K, 0% used [0x00000000d5800000,0x00000000d5800000,0x00000000d7880000)
  from space 5120K, 48% used [0x00000000d7880000,0x00000000d7ae8f10,0x00000000d7d80000)
  to   space 5120K, 0% used [0x00000000d7d80000,0x00000000d7d80000,0x00000000d8280000)
 ParOldGen       total 87552K, used 16K [0x0000000080800000, 0x0000000085d80000, 0x00000000d5800000)
  object space 87552K, 0% used [0x0000000080800000,0x0000000080804000,0x0000000085d80000)
 Metaspace       used 12576K, capacity 12810K, committed 13056K, reserved 1060864K
  class space    used 1631K, capacity 1725K, committed 1792K, reserved 1048576K
Event: 0.573 GC heap after
Heap after GC invocations=2 (full 1):
 PSYoungGen      total 38400K, used 0K [0x00000000d5800000, 0x00000000d8280000, 0x0000000100000000)
  eden space 33280K, 0% used [0x00000000d5800000,0x00000000d5800000,0x00000000d7880000)
  from space 5120K, 0% used [0x00000000d7880000,0x00000000d7880000,0x00000000d7d80000)
  to   space 5120K, 0% used [0x00000000d7d80000,0x00000000d7d80000,0x00000000d8280000)
 ParOldGen       total 87552K, used 2311K [0x0000000080800000, 0x0000000085d80000, 0x00000000d5800000)
  object space 87552K, 2% used [0x0000000080800000,0x0000000080a41f00,0x0000000085d80000)
 Metaspace       used 12576K, capacity 12810K, committed 13056K, reserved 1060864K
  class space    used 1631K, capacity 1725K, committed 1792K, reserved 1048576K
}
Event: 2.552 GC heap before
{Heap before GC invocations=3 (full 1):
 PSYoungGen      total 38400K, used 33280K [0x00000000d5800000, 0x00000000d8280000, 0x0000000100000000)
  eden space 33280K, 100% used [0x00000000d5800000,0x00000000d7880000,0x00000000d7880000)
  from space 5120K, 0% used [0x00000000d7880000,0x00000000d7880000,0x00000000d7d80000)
  to   space 5120K, 0% used [0x00000000d7d80000,0x00000000d7d80000,0x00000000d8280000)
 ParOldGen       total 87552K, used 2311K [0x0000000080800000, 0x0000000085d80000, 0x00000000d5800000)
  object space 87552K, 2% used [0x0000000080800000,0x0000000080a41f00,0x0000000085d80000)
 Metaspace       used 17309K, capacity 17554K, committed 17792K, reserved 1064960K
  class space    used 2294K, capacity 2377K, committed 2432K, reserved 1048576K
Event: 2.555 GC heap after
Heap after GC invocations=3 (full 1):
 PSYoungGen      total 38400K, used 3638K [0x00000000d5800000, 0x00000000d8280000, 0x0000000100000000)
  eden space 33280K, 0% used [0x00000000d5800000,0x00000000d5800000,0x00000000d7880000)
  from space 5120K, 71% used [0x00000000d7d80000,0x00000000d810d860,0x00000000d8280000)
  to   space 5120K, 0% used [0x00000000d7880000,0x00000000d7880000,0x00000000d7d80000)
 ParOldGen       total 87552K, used 2319K [0x0000000080800000, 0x0000000085d80000, 0x00000000d5800000)
  object space 87552K, 2% used [0x0000000080800000,0x0000000080a43f00,0x0000000085d80000)
 Metaspace       used 17309K, capacity 17554K, committed 17792K, reserved 1064960K
  class space    used 2294K, capacity 2377K, committed 2432K, reserved 1048576K
}
Event: 20.062 GC heap before
{Heap before GC invocations=4 (full 1):
 PSYoungGen      total 38400K, used 16198K [0x00000000d5800000, 0x00000000d8280000, 0x0000000100000000)
  eden space 33280K, 37% used [0x00000000d5800000,0x00000000d6444350,0x00000000d7880000)
  from space 5120K, 71% used [0x00000000d7d80000,0x00000000d810d860,0x00000000d8280000)
  to   space 5120K, 0% used [0x00000000d7880000,0x00000000d7880000,0x00000000d7d80000)
 ParOldGen       total 87552K, used 2319K [0x0000000080800000, 0x0000000085d80000, 0x00000000d5800000)
  object space 87552K, 2% used [0x0000000080800000,0x0000000080a43f00,0x0000000085d80000)
 Metaspace       used 21349K, capacity 21588K, committed 21760K, reserved 1069056K
  class space    used 2806K, capacity 2908K, committed 2944K, reserved 1048576K
Event: 20.064 GC heap after
Heap after GC invocations=4 (full 1):
 PSYoungGen      total 38400K, used 3113K [0x00000000d5800000, 0x00000000d8280000, 0x0000000100000000)
  eden space 33280K, 0% used [0x00000000d5800000,0x00000000d5800000,0x00000000d7880000)
  from space 5120K, 60% used [0x00000000d7880000,0x00000000d7b8a6b0,0x00000000d7d80000)
  to   space 5120K, 0% used [0x00000000d7d80000,0x00000000d7d80000,0x00000000d8280000)
 ParOldGen       total 87552K, used 2327K [0x0000000080800000, 0x0000000085d80000, 0x00000000d5800000)
  object space 87552K, 2% used [0x0000000080800000,0x0000000080a45f00,0x0000000085d80000)
 Metaspace       used 21349K, capacity 21588K, committed 21760K, reserved 1069056K
  class space    used 2806K, capacity 2908K, committed 2944K, reserved 1048576K
}
Event: 20.064 GC heap before
{Heap before GC invocations=5 (full 2):
 PSYoungGen      total 38400K, used 3113K [0x00000000d5800000, 0x00000000d8280000, 0x0000000100000000)
  eden space 33280K, 0% used [0x00000000d5800000,0x00000000d5800000,0x00000000d7880000)
  from space 5120K, 60% used [0x00000000d7880000,0x00000000d7b8a6b0,0x00000000d7d80000)
  to   space 5120K, 0% used [0x00000000d7d80000,0x00000000d7d80000,0x00000000d8280000)
 ParOldGen       total 87552K, used 2327K [0x0000000080800000, 0x0000000085d80000, 0x00000000d5800000)
  object space 87552K, 2% used [0x0000000080800000,0x0000000080a45f00,0x0000000085d80000)
 Metaspace       used 21349K, capacity 21588K, committed 21760K, reserved 1069056K
  class space    used 2806K, capacity 2908K, committed 2944K, reserved 1048576K
Event: 20.096 GC heap after
Heap after GC invocations=5 (full 2):
 PSYoungGen      total 38400K, used 0K [0x00000000d5800000, 0x00000000d8280000, 0x0000000100000000)
  eden space 33280K, 0% used [0x00000000d5800000,0x00000000d5800000,0x00000000d7880000)
  from space 5120K, 0% used [0x00000000d7880000,0x00000000d7880000,0x00000000d7d80000)
  to   space 5120K, 0% used [0x00000000d7d80000,0x00000000d7d80000,0x00000000d8280000)
 ParOldGen       total 37888K, used 4489K [0x0000000080800000, 0x0000000082d00000, 0x00000000d5800000)
  object space 37888K, 11% used [0x0000000080800000,0x0000000080c627a8,0x0000000082d00000)
 Metaspace       used 21349K, capacity 21588K, committed 21760K, reserved 1069056K
  class space    used 2806K, capacity 2908K, committed 2944K, reserved 1048576K
}
Event: 28.882 GC heap before
{Heap before GC invocations=6 (full 2):
 PSYoungGen      total 38400K, used 33280K [0x00000000d5800000, 0x00000000d8280000, 0x0000000100000000)
  eden space 33280K, 100% used [0x00000000d5800000,0x00000000d7880000,0x00000000d7880000)
  from space 5120K, 0% used [0x00000000d7880000,0x00000000d7880000,0x00000000d7d80000)
  to   space 5120K, 0% used [0x00000000d7d80000,0x00000000d7d80000,0x00000000d8280000)
 ParOldGen       total 37888K, used 4489K [0x0000000080800000, 0x0000000082d00000, 0x00000000d5800000)
  object space 37888K, 11% used [0x0000000080800000,0x0000000080c627a8,0x0000000082d00000)
 Metaspace       used 26019K, capacity 26268K, committed 26624K, reserved 1073152K
  class space    used 3497K, capacity 3563K, committed 3584K, reserved 1048576K
Event: 28.889 GC heap after
Heap after GC invocations=6 (full 2):
 PSYoungGen      total 38400K, used 5088K [0x00000000d5800000, 0x00000000d8280000, 0x0000000100000000)
  eden space 33280K, 0% used [0x00000000d5800000,0x00000000d5800000,0x00000000d7880000)
  from space 5120K, 99% used [0x00000000d7d80000,0x00000000d82780f0,0x00000000d8280000)
  to   space 5120K, 0% used [0x00000000d7880000,0x00000000d7880000,0x00000000d7d80000)
 ParOldGen       total 37888K, used 5293K [0x0000000080800000, 0x0000000082d00000, 0x00000000d5800000)
  object space 37888K, 13% used [0x0000000080800000,0x0000000080d2b598,0x0000000082d00000)
 Metaspace       used 26019K, capacity 26268K, committed 26624K, reserved 1073152K
  class space    used 3497K, capacity 3563K, committed 3584K, reserved 1048576K
}

